2019-04-25 23:06:30- __init__.py [line:410] DEBUG CACHEDIR=C:\Users\City\.matplotlib
2019-04-25 23:06:30- font_manager.py [line:1465] DEBUG Using fontManager instance from C:\Users\City\.matplotlib\fontList.json
2019-04-25 23:06:31- __init__.py [line:90] DEBUG backend TkAgg version unknown
2019-04-25 23:07:10- __init__.py [line:410] DEBUG CACHEDIR=C:\Users\City\.matplotlib
2019-04-25 23:07:10- font_manager.py [line:1465] DEBUG Using fontManager instance from C:\Users\City\.matplotlib\fontList.json
2019-04-25 23:07:11- __init__.py [line:90] DEBUG backend TkAgg version unknown
2019-04-25 23:07:26- __init__.py [line:410] DEBUG CACHEDIR=C:\Users\City\.matplotlib
2019-04-25 23:07:26- font_manager.py [line:1465] DEBUG Using fontManager instance from C:\Users\City\.matplotlib\fontList.json
2019-04-25 23:07:27- __init__.py [line:90] DEBUG backend TkAgg version unknown
2019-04-25 23:07:32- main.py [line:21] INFO Use cuda:False
2019-04-25 23:07:39- main.py [line:27] INFO eng -> cmn
2019-04-25 23:07:39- translation.py [line:59] INFO Reading lines...
2019-04-25 23:08:33- __init__.py [line:410] DEBUG CACHEDIR=C:\Users\City\.matplotlib
2019-04-25 23:08:33- font_manager.py [line:1465] DEBUG Using fontManager instance from C:\Users\City\.matplotlib\fontList.json
2019-04-25 23:08:34- __init__.py [line:90] DEBUG backend TkAgg version unknown
2019-04-25 23:08:36- main.py [line:21] INFO Use cuda:False
2019-04-25 23:08:36- main.py [line:27] INFO eng -> cmn
2019-04-25 23:08:36- translation.py [line:59] INFO Reading lines...
2019-04-25 23:10:33- __init__.py [line:410] DEBUG CACHEDIR=C:\Users\City\.matplotlib
2019-04-25 23:10:33- font_manager.py [line:1465] DEBUG Using fontManager instance from C:\Users\City\.matplotlib\fontList.json
2019-04-25 23:10:33- __init__.py [line:90] DEBUG backend TkAgg version unknown
2019-04-25 23:10:35- main.py [line:21] INFO Use cuda:False
2019-04-25 23:10:35- main.py [line:27] INFO eng -> cmn
2019-04-25 23:10:35- translation.py [line:59] INFO Reading lines...
2019-04-25 23:10:37- translation.py [line:76] INFO Read 19578 sentence pairs
2019-04-25 23:10:37- translation.py [line:78] INFO Trimmed to 915 sentence pairs
2019-04-25 23:10:37- translation.py [line:79] INFO Counting words....
2019-04-25 23:10:37- __init__.py [line:111] DEBUG Building prefix dict from the default dictionary ...
2019-04-25 23:10:39- __init__.py [line:145] DEBUG Dumping model to file cache C:\Users\City\AppData\Local\Temp\jieba.cache
2019-04-25 23:10:39- __init__.py [line:163] DEBUG Loading model cost 1.862 seconds.
2019-04-25 23:10:39- __init__.py [line:164] DEBUG Prefix dict has been built succesfully.
2019-04-25 23:10:39- translation.py [line:83] INFO Counted words:
2019-04-25 23:10:39- translation.py [line:84] INFO cmn,1493
2019-04-25 23:10:39- translation.py [line:85] INFO eng,1271
2019-04-25 23:10:39- main.py [line:31] INFO ['你有义务还债。', 'you are liable for the debt.']
2019-04-25 23:10:39- main.py [line:34] INFO input_lang.n_words: 1493
2019-04-25 23:10:39- main.py [line:35] INFO output_lang.n_words: 1271
2019-04-25 23:10:39- main.py [line:41] INFO lang saved.
2019-04-25 23:11:42- __init__.py [line:410] DEBUG CACHEDIR=C:\Users\City\.matplotlib
2019-04-25 23:11:42- font_manager.py [line:1465] DEBUG Using fontManager instance from C:\Users\City\.matplotlib\fontList.json
2019-04-25 23:11:42- __init__.py [line:90] DEBUG backend TkAgg version unknown
2019-04-25 23:11:44- main.py [line:21] INFO Use cuda:False
2019-04-25 23:11:44- main.py [line:27] INFO eng -> cmn
2019-04-25 23:11:44- translation.py [line:59] INFO Reading lines...
2019-04-25 23:11:45- translation.py [line:76] INFO Read 19578 sentence pairs
2019-04-25 23:11:45- translation.py [line:78] INFO Trimmed to 915 sentence pairs
2019-04-25 23:11:45- translation.py [line:79] INFO Counting words....
2019-04-25 23:11:45- __init__.py [line:111] DEBUG Building prefix dict from the default dictionary ...
2019-04-25 23:11:45- __init__.py [line:131] DEBUG Loading model from cache C:\Users\City\AppData\Local\Temp\jieba.cache
2019-04-25 23:11:47- __init__.py [line:163] DEBUG Loading model cost 1.184 seconds.
2019-04-25 23:11:47- __init__.py [line:164] DEBUG Prefix dict has been built succesfully.
2019-04-25 23:11:47- translation.py [line:83] INFO Counted words:
2019-04-25 23:11:47- translation.py [line:84] INFO cmn,1493
2019-04-25 23:11:47- translation.py [line:85] INFO eng,1271
2019-04-25 23:11:47- main.py [line:31] INFO ['他可能很快就到了。', 'he is likely to arrive soon.']
2019-04-25 23:11:47- main.py [line:34] INFO input_lang.n_words: 1493
2019-04-25 23:11:47- main.py [line:35] INFO output_lang.n_words: 1271
2019-04-25 23:11:47- main.py [line:41] INFO lang saved.
2019-04-25 23:13:35- __init__.py [line:410] DEBUG CACHEDIR=C:\Users\City\.matplotlib
2019-04-25 23:13:35- font_manager.py [line:1465] DEBUG Using fontManager instance from C:\Users\City\.matplotlib\fontList.json
2019-04-25 23:13:36- __init__.py [line:90] DEBUG backend TkAgg version unknown
2019-04-25 23:13:39- main.py [line:21] INFO Use cuda:False
2019-04-25 23:13:39- main.py [line:27] INFO eng -> cmn
2019-04-25 23:13:39- translation.py [line:59] INFO Reading lines...
2019-04-25 23:13:41- translation.py [line:76] INFO Read 19578 sentence pairs
2019-04-25 23:13:41- translation.py [line:78] INFO Trimmed to 915 sentence pairs
2019-04-25 23:13:41- translation.py [line:79] INFO Counting words....
2019-04-25 23:13:41- __init__.py [line:111] DEBUG Building prefix dict from the default dictionary ...
2019-04-25 23:13:41- __init__.py [line:131] DEBUG Loading model from cache C:\Users\City\AppData\Local\Temp\jieba.cache
2019-04-25 23:13:42- __init__.py [line:163] DEBUG Loading model cost 1.171 seconds.
2019-04-25 23:13:42- __init__.py [line:164] DEBUG Prefix dict has been built succesfully.
2019-04-25 23:13:42- translation.py [line:83] INFO Counted words:
2019-04-25 23:13:42- translation.py [line:84] INFO cmn,1493
2019-04-25 23:13:42- translation.py [line:85] INFO eng,1271
2019-04-25 23:13:42- main.py [line:31] INFO ['我⒅餍薹ㄎ摹', 'i am going to major in french.']
2019-04-25 23:13:42- main.py [line:34] INFO input_lang.n_words: 1493
2019-04-25 23:13:42- main.py [line:35] INFO output_lang.n_words: 1271
2019-04-25 23:13:42- main.py [line:41] INFO lang saved.
2019-04-25 23:14:35- __init__.py [line:410] DEBUG CACHEDIR=C:\Users\City\.matplotlib
2019-04-25 23:14:35- font_manager.py [line:1465] DEBUG Using fontManager instance from C:\Users\City\.matplotlib\fontList.json
2019-04-25 23:14:35- __init__.py [line:90] DEBUG backend TkAgg version unknown
2019-04-25 23:14:39- main.py [line:21] INFO Use cuda:False
2019-04-25 23:14:39- main.py [line:27] INFO eng -> cmn
2019-04-25 23:14:39- translation.py [line:59] INFO Reading lines...
2019-04-25 23:14:41- translation.py [line:76] INFO Read 19578 sentence pairs
2019-04-25 23:14:41- translation.py [line:78] INFO Trimmed to 915 sentence pairs
2019-04-25 23:14:41- translation.py [line:79] INFO Counting words....
2019-04-25 23:14:41- __init__.py [line:111] DEBUG Building prefix dict from the default dictionary ...
2019-04-25 23:14:41- __init__.py [line:131] DEBUG Loading model from cache C:\Users\City\AppData\Local\Temp\jieba.cache
2019-04-25 23:14:42- __init__.py [line:163] DEBUG Loading model cost 1.109 seconds.
2019-04-25 23:14:42- __init__.py [line:164] DEBUG Prefix dict has been built succesfully.
2019-04-25 23:14:42- translation.py [line:83] INFO Counted words:
2019-04-25 23:14:42- translation.py [line:84] INFO cmn,1493
2019-04-25 23:14:42- translation.py [line:85] INFO eng,1271
2019-04-25 23:14:42- main.py [line:31] INFO ['我很关心他的健康。', 'i am very concerned about his health.']
2019-04-25 23:14:42- main.py [line:34] INFO input_lang.n_words: 1493
2019-04-25 23:14:42- main.py [line:35] INFO output_lang.n_words: 1271
2019-04-25 23:14:42- main.py [line:41] INFO lang saved.
2019-04-25 23:15:37- __init__.py [line:410] DEBUG CACHEDIR=C:\Users\City\.matplotlib
2019-04-25 23:15:37- font_manager.py [line:1465] DEBUG Using fontManager instance from C:\Users\City\.matplotlib\fontList.json
2019-04-25 23:15:38- __init__.py [line:90] DEBUG backend TkAgg version unknown
2019-04-25 23:15:40- main.py [line:21] INFO Use cuda:False
2019-04-25 23:15:40- main.py [line:27] INFO eng -> cmn
2019-04-25 23:15:40- translation.py [line:59] INFO Reading lines...
2019-04-25 23:15:41- translation.py [line:76] INFO Read 19578 sentence pairs
2019-04-25 23:15:41- translation.py [line:78] INFO Trimmed to 915 sentence pairs
2019-04-25 23:15:41- translation.py [line:79] INFO Counting words....
2019-04-25 23:15:41- __init__.py [line:111] DEBUG Building prefix dict from the default dictionary ...
2019-04-25 23:15:41- __init__.py [line:131] DEBUG Loading model from cache C:\Users\City\AppData\Local\Temp\jieba.cache
2019-04-25 23:15:43- __init__.py [line:163] DEBUG Loading model cost 1.083 seconds.
2019-04-25 23:15:43- __init__.py [line:164] DEBUG Prefix dict has been built succesfully.
2019-04-25 23:15:43- translation.py [line:83] INFO Counted words:
2019-04-25 23:15:43- translation.py [line:84] INFO cmn,1493
2019-04-25 23:15:43- translation.py [line:85] INFO eng,1271
2019-04-25 23:15:43- main.py [line:31] INFO ['她今年春天要去仙台。', 'she is going to sendai this spring.']
2019-04-25 23:15:43- main.py [line:34] INFO input_lang.n_words: 1493
2019-04-25 23:15:43- main.py [line:35] INFO output_lang.n_words: 1271
2019-04-25 23:15:43- main.py [line:41] INFO lang saved.
2019-04-25 23:15:49- main.py [line:59] INFO train start. 
2019-04-25 23:16:53- __init__.py [line:410] DEBUG CACHEDIR=C:\Users\City\.matplotlib
2019-04-25 23:16:53- font_manager.py [line:1465] DEBUG Using fontManager instance from C:\Users\City\.matplotlib\fontList.json
2019-04-25 23:16:53- __init__.py [line:90] DEBUG backend TkAgg version unknown
2019-04-25 23:16:57- main.py [line:21] INFO Use cuda:False
2019-04-25 23:16:57- main.py [line:27] INFO eng -> cmn
2019-04-25 23:16:57- translation.py [line:59] INFO Reading lines...
2019-04-25 23:16:59- translation.py [line:76] INFO Read 19578 sentence pairs
2019-04-25 23:16:59- translation.py [line:78] INFO Trimmed to 915 sentence pairs
2019-04-25 23:16:59- translation.py [line:79] INFO Counting words....
2019-04-25 23:16:59- __init__.py [line:111] DEBUG Building prefix dict from the default dictionary ...
2019-04-25 23:16:59- __init__.py [line:131] DEBUG Loading model from cache C:\Users\City\AppData\Local\Temp\jieba.cache
2019-04-25 23:17:00- __init__.py [line:163] DEBUG Loading model cost 1.076 seconds.
2019-04-25 23:17:00- __init__.py [line:164] DEBUG Prefix dict has been built succesfully.
2019-04-25 23:17:00- translation.py [line:83] INFO Counted words:
2019-04-25 23:17:00- translation.py [line:84] INFO cmn,1493
2019-04-25 23:17:00- translation.py [line:85] INFO eng,1271
2019-04-25 23:17:00- main.py [line:31] INFO ['我在站附近。', 'i am near the station.']
2019-04-25 23:17:00- main.py [line:34] INFO input_lang.n_words: 1493
2019-04-25 23:17:00- main.py [line:35] INFO output_lang.n_words: 1271
2019-04-25 23:17:00- main.py [line:41] INFO lang saved.
2019-04-25 23:17:06- main.py [line:59] INFO train start. 
2019-04-25 23:17:56- __init__.py [line:410] DEBUG CACHEDIR=C:\Users\City\.matplotlib
2019-04-25 23:17:56- font_manager.py [line:1465] DEBUG Using fontManager instance from C:\Users\City\.matplotlib\fontList.json
2019-04-25 23:17:56- __init__.py [line:90] DEBUG backend TkAgg version unknown
2019-04-25 23:17:56- main.py [line:21] INFO Use cuda:False
2019-04-25 23:17:56- main.py [line:27] INFO eng -> cmn
2019-04-25 23:17:56- translation.py [line:59] INFO Reading lines...
2019-04-25 23:17:58- translation.py [line:76] INFO Read 19578 sentence pairs
2019-04-25 23:17:58- translation.py [line:78] INFO Trimmed to 915 sentence pairs
2019-04-25 23:17:58- translation.py [line:79] INFO Counting words....
2019-04-25 23:17:58- __init__.py [line:111] DEBUG Building prefix dict from the default dictionary ...
2019-04-25 23:17:58- __init__.py [line:131] DEBUG Loading model from cache C:\Users\City\AppData\Local\Temp\jieba.cache
2019-04-25 23:17:59- __init__.py [line:163] DEBUG Loading model cost 1.016 seconds.
2019-04-25 23:17:59- __init__.py [line:164] DEBUG Prefix dict has been built succesfully.
2019-04-25 23:17:59- translation.py [line:83] INFO Counted words:
2019-04-25 23:17:59- translation.py [line:84] INFO cmn,1493
2019-04-25 23:17:59- translation.py [line:85] INFO eng,1271
2019-04-25 23:17:59- main.py [line:31] INFO ['我把他`J槭撬的兄弟。', 'i mistook him for his brother.']
2019-04-25 23:17:59- main.py [line:34] INFO input_lang.n_words: 1493
2019-04-25 23:17:59- main.py [line:35] INFO output_lang.n_words: 1271
2019-04-25 23:17:59- main.py [line:41] INFO lang saved.
2019-04-25 23:18:00- main.py [line:59] INFO train start. 
2019-04-25 23:19:00- __init__.py [line:410] DEBUG CACHEDIR=C:\Users\City\.matplotlib
2019-04-25 23:19:00- font_manager.py [line:1465] DEBUG Using fontManager instance from C:\Users\City\.matplotlib\fontList.json
2019-04-25 23:19:00- __init__.py [line:90] DEBUG backend TkAgg version unknown
2019-04-25 23:19:00- main.py [line:21] INFO Use cuda:False
2019-04-25 23:19:00- main.py [line:27] INFO eng -> cmn
2019-04-25 23:19:00- translation.py [line:59] INFO Reading lines...
2019-04-25 23:19:02- translation.py [line:76] INFO Read 19578 sentence pairs
2019-04-25 23:19:02- translation.py [line:78] INFO Trimmed to 915 sentence pairs
2019-04-25 23:19:02- translation.py [line:79] INFO Counting words....
2019-04-25 23:19:02- translation.py [line:83] INFO Counted words:
2019-04-25 23:19:02- translation.py [line:84] INFO cmn,1168
2019-04-25 23:19:02- translation.py [line:85] INFO eng,1271
2019-04-25 23:19:02- main.py [line:31] INFO ['他和她一样高。', 'he is as tall as her.']
2019-04-25 23:19:02- main.py [line:34] INFO input_lang.n_words: 1168
2019-04-25 23:19:02- main.py [line:35] INFO output_lang.n_words: 1271
2019-04-25 23:19:02- main.py [line:41] INFO lang saved.
2019-04-25 23:19:02- main.py [line:59] INFO train start. 
2019-04-25 23:20:15- __init__.py [line:410] DEBUG CACHEDIR=C:\Users\City\.matplotlib
2019-04-25 23:20:15- font_manager.py [line:1465] DEBUG Using fontManager instance from C:\Users\City\.matplotlib\fontList.json
2019-04-25 23:20:16- __init__.py [line:90] DEBUG backend TkAgg version unknown
2019-04-25 23:20:16- main.py [line:21] INFO Use cuda:False
2019-04-25 23:20:16- main.py [line:27] INFO eng -> cmn
2019-04-25 23:20:16- translation.py [line:59] INFO Reading lines...
2019-04-25 23:20:18- translation.py [line:76] INFO Read 19578 sentence pairs
2019-04-25 23:20:18- translation.py [line:78] INFO Trimmed to 915 sentence pairs
2019-04-25 23:20:18- translation.py [line:79] INFO Counting words....
2019-04-25 23:20:18- translation.py [line:83] INFO Counted words:
2019-04-25 23:20:18- translation.py [line:84] INFO cmn,1168
2019-04-25 23:20:18- translation.py [line:85] INFO eng,1271
2019-04-25 23:20:18- main.py [line:31] INFO ['他什么也没说，这让她很生气。', 'he said nothing, which made her angry.']
2019-04-25 23:20:18- main.py [line:34] INFO input_lang.n_words: 1168
2019-04-25 23:20:18- main.py [line:35] INFO output_lang.n_words: 1271
2019-04-25 23:20:18- main.py [line:41] INFO lang saved.
2019-04-25 23:20:18- main.py [line:59] INFO train start. 
2019-04-25 23:21:05- __init__.py [line:410] DEBUG CACHEDIR=C:\Users\City\.matplotlib
2019-04-25 23:21:05- font_manager.py [line:1465] DEBUG Using fontManager instance from C:\Users\City\.matplotlib\fontList.json
2019-04-25 23:21:06- __init__.py [line:90] DEBUG backend TkAgg version unknown
2019-04-25 23:21:06- main.py [line:21] INFO Use cuda:False
2019-04-25 23:21:06- main.py [line:27] INFO eng -> cmn
2019-04-25 23:21:06- translation.py [line:59] INFO Reading lines...
2019-04-25 23:21:07- translation.py [line:76] INFO Read 19578 sentence pairs
2019-04-25 23:21:07- translation.py [line:78] INFO Trimmed to 915 sentence pairs
2019-04-25 23:21:07- translation.py [line:79] INFO Counting words....
2019-04-25 23:21:07- translation.py [line:83] INFO Counted words:
2019-04-25 23:21:07- translation.py [line:84] INFO cmn,1168
2019-04-25 23:21:07- translation.py [line:85] INFO eng,1271
2019-04-25 23:21:07- main.py [line:31] INFO ['我很抱歉o你添麻┝恕', 'i am sorry to trouble you.']
2019-04-25 23:21:07- main.py [line:34] INFO input_lang.n_words: 1168
2019-04-25 23:21:07- main.py [line:35] INFO output_lang.n_words: 1271
2019-04-25 23:21:07- main.py [line:41] INFO lang saved.
2019-04-25 23:21:08- main.py [line:59] INFO train start. 
2019-04-25 23:22:46- __init__.py [line:410] DEBUG CACHEDIR=C:\Users\City\.matplotlib
2019-04-25 23:22:46- font_manager.py [line:1465] DEBUG Using fontManager instance from C:\Users\City\.matplotlib\fontList.json
2019-04-25 23:22:46- __init__.py [line:90] DEBUG backend TkAgg version unknown
2019-04-25 23:22:46- main.py [line:21] INFO Use cuda:False
2019-04-25 23:22:46- main.py [line:27] INFO eng -> cmn
2019-04-25 23:22:46- translation.py [line:59] INFO Reading lines...
2019-04-25 23:22:48- translation.py [line:76] INFO Read 19578 sentence pairs
2019-04-25 23:22:48- translation.py [line:78] INFO Trimmed to 915 sentence pairs
2019-04-25 23:22:48- translation.py [line:79] INFO Counting words....
2019-04-25 23:22:48- __init__.py [line:111] DEBUG Building prefix dict from the default dictionary ...
2019-04-25 23:22:48- __init__.py [line:131] DEBUG Loading model from cache C:\Users\City\AppData\Local\Temp\jieba.cache
2019-04-25 23:23:58- __init__.py [line:410] DEBUG CACHEDIR=C:\Users\City\.matplotlib
2019-04-25 23:23:58- font_manager.py [line:1465] DEBUG Using fontManager instance from C:\Users\City\.matplotlib\fontList.json
2019-04-25 23:23:59- __init__.py [line:90] DEBUG backend TkAgg version unknown
2019-04-25 23:23:59- main.py [line:21] INFO Use cuda:False
2019-04-25 23:23:59- main.py [line:27] INFO eng -> cmn
2019-04-25 23:23:59- translation.py [line:59] INFO Reading lines...
2019-04-25 23:24:00- translation.py [line:76] INFO Read 19578 sentence pairs
2019-04-25 23:24:00- translation.py [line:78] INFO Trimmed to 915 sentence pairs
2019-04-25 23:24:00- translation.py [line:79] INFO Counting words....
2019-04-25 23:24:00- __init__.py [line:111] DEBUG Building prefix dict from the default dictionary ...
2019-04-25 23:24:00- __init__.py [line:131] DEBUG Loading model from cache C:\Users\City\AppData\Local\Temp\jieba.cache
2019-04-25 23:24:02- __init__.py [line:163] DEBUG Loading model cost 1.127 seconds.
2019-04-25 23:24:02- __init__.py [line:164] DEBUG Prefix dict has been built succesfully.
2019-04-25 23:24:02- translation.py [line:83] INFO Counted words:
2019-04-25 23:24:02- translation.py [line:84] INFO cmn,1493
2019-04-25 23:24:02- translation.py [line:85] INFO eng,1271
2019-04-25 23:24:02- main.py [line:31] INFO ['你是在看。', 'you are always watching tv.']
2019-04-25 23:24:02- main.py [line:34] INFO input_lang.n_words: 1493
2019-04-25 23:24:02- main.py [line:35] INFO output_lang.n_words: 1271
2019-04-25 23:24:02- main.py [line:41] INFO lang saved.
2019-04-25 23:24:02- main.py [line:59] INFO train start. 
2019-04-25 23:24:19- __init__.py [line:410] DEBUG CACHEDIR=C:\Users\City\.matplotlib
2019-04-25 23:24:19- font_manager.py [line:1465] DEBUG Using fontManager instance from C:\Users\City\.matplotlib\fontList.json
2019-04-25 23:24:19- __init__.py [line:90] DEBUG backend TkAgg version unknown
2019-04-25 23:24:19- main.py [line:21] INFO Use cuda:False
2019-04-25 23:24:19- main.py [line:27] INFO eng -> cmn
2019-04-25 23:24:19- translation.py [line:59] INFO Reading lines...
2019-04-25 23:24:21- translation.py [line:76] INFO Read 19578 sentence pairs
2019-04-25 23:24:21- translation.py [line:78] INFO Trimmed to 915 sentence pairs
2019-04-25 23:24:21- translation.py [line:79] INFO Counting words....
2019-04-25 23:24:21- __init__.py [line:111] DEBUG Building prefix dict from the default dictionary ...
2019-04-25 23:24:21- __init__.py [line:131] DEBUG Loading model from cache C:\Users\City\AppData\Local\Temp\jieba.cache
2019-04-25 23:24:22- __init__.py [line:163] DEBUG Loading model cost 1.140 seconds.
2019-04-25 23:24:22- __init__.py [line:164] DEBUG Prefix dict has been built succesfully.
2019-04-25 23:24:23- translation.py [line:83] INFO Counted words:
2019-04-25 23:24:23- translation.py [line:84] INFO cmn,1493
2019-04-25 23:24:23- translation.py [line:85] INFO eng,1271
2019-04-25 23:24:23- main.py [line:31] INFO ['我们一起在学校。', 'we are at school together.']
2019-04-25 23:24:23- main.py [line:34] INFO input_lang.n_words: 1493
2019-04-25 23:24:23- main.py [line:35] INFO output_lang.n_words: 1271
2019-04-25 23:24:23- main.py [line:41] INFO lang saved.
2019-04-25 23:24:23- main.py [line:59] INFO train start. 
2019-04-25 23:27:51- __init__.py [line:410] DEBUG CACHEDIR=C:\Users\City\.matplotlib
2019-04-25 23:27:51- font_manager.py [line:1465] DEBUG Using fontManager instance from C:\Users\City\.matplotlib\fontList.json
2019-04-25 23:27:51- __init__.py [line:90] DEBUG backend TkAgg version unknown
2019-04-25 23:27:51- main.py [line:21] INFO Use cuda:False
2019-04-25 23:27:51- main.py [line:27] INFO eng -> cmn
2019-04-25 23:27:51- translation.py [line:59] INFO Reading lines...
2019-04-25 23:27:52- translation.py [line:76] INFO Read 19578 sentence pairs
2019-04-25 23:27:52- translation.py [line:78] INFO Trimmed to 915 sentence pairs
2019-04-25 23:27:52- translation.py [line:79] INFO Counting words....
2019-04-25 23:27:52- __init__.py [line:111] DEBUG Building prefix dict from the default dictionary ...
2019-04-25 23:27:52- __init__.py [line:131] DEBUG Loading model from cache C:\Users\City\AppData\Local\Temp\jieba.cache
2019-04-25 23:27:53- __init__.py [line:163] DEBUG Loading model cost 1.258 seconds.
2019-04-25 23:27:53- __init__.py [line:164] DEBUG Prefix dict has been built succesfully.
2019-04-25 23:27:53- translation.py [line:83] INFO Counted words:
2019-04-25 23:27:53- translation.py [line:84] INFO cmn,1493
2019-04-25 23:27:53- translation.py [line:85] INFO eng,1271
2019-04-25 23:27:53- main.py [line:31] INFO ['他们嫉妒我们的成功。', 'they are jealous of our success.']
2019-04-25 23:27:53- main.py [line:34] INFO input_lang.n_words: 1493
2019-04-25 23:27:53- main.py [line:35] INFO output_lang.n_words: 1271
2019-04-25 23:27:53- main.py [line:41] INFO lang saved.
2019-04-25 23:27:53- main.py [line:59] INFO train start. 
2019-04-25 23:29:01- __init__.py [line:410] DEBUG CACHEDIR=C:\Users\City\.matplotlib
2019-04-25 23:29:01- font_manager.py [line:1465] DEBUG Using fontManager instance from C:\Users\City\.matplotlib\fontList.json
2019-04-25 23:29:01- __init__.py [line:90] DEBUG backend TkAgg version unknown
2019-04-25 23:29:01- main.py [line:21] INFO Use cuda:False
2019-04-25 23:29:01- main.py [line:27] INFO eng -> cmn
2019-04-25 23:29:01- translation.py [line:59] INFO Reading lines...
2019-04-25 23:29:03- translation.py [line:76] INFO Read 19578 sentence pairs
2019-04-25 23:29:03- translation.py [line:78] INFO Trimmed to 915 sentence pairs
2019-04-25 23:29:03- translation.py [line:79] INFO Counting words....
2019-04-25 23:29:03- __init__.py [line:111] DEBUG Building prefix dict from the default dictionary ...
2019-04-25 23:29:03- __init__.py [line:131] DEBUG Loading model from cache C:\Users\City\AppData\Local\Temp\jieba.cache
2019-04-25 23:29:04- __init__.py [line:163] DEBUG Loading model cost 1.014 seconds.
2019-04-25 23:29:04- __init__.py [line:164] DEBUG Prefix dict has been built succesfully.
2019-04-25 23:29:05- translation.py [line:83] INFO Counted words:
2019-04-25 23:29:05- translation.py [line:84] INFO cmn,1493
2019-04-25 23:29:05- translation.py [line:85] INFO eng,1271
2019-04-25 23:29:05- main.py [line:31] INFO ['他唱了些老歌。', 'he sang some old songs.']
2019-04-25 23:29:05- main.py [line:34] INFO input_lang.n_words: 1493
2019-04-25 23:29:05- main.py [line:35] INFO output_lang.n_words: 1271
2019-04-25 23:29:05- main.py [line:41] INFO lang saved.
2019-04-25 23:29:05- main.py [line:59] INFO train start. 
2019-04-25 23:29:32- __init__.py [line:410] DEBUG CACHEDIR=C:\Users\City\.matplotlib
2019-04-25 23:29:32- font_manager.py [line:1465] DEBUG Using fontManager instance from C:\Users\City\.matplotlib\fontList.json
2019-04-25 23:29:32- __init__.py [line:90] DEBUG backend TkAgg version unknown
2019-04-25 23:29:32- main.py [line:21] INFO Use cuda:False
2019-04-25 23:29:32- main.py [line:27] INFO eng -> cmn
2019-04-25 23:29:32- translation.py [line:59] INFO Reading lines...
2019-04-25 23:29:34- translation.py [line:76] INFO Read 19578 sentence pairs
2019-04-25 23:29:34- translation.py [line:78] INFO Trimmed to 915 sentence pairs
2019-04-25 23:29:34- translation.py [line:79] INFO Counting words....
2019-04-25 23:29:34- __init__.py [line:111] DEBUG Building prefix dict from the default dictionary ...
2019-04-25 23:29:34- __init__.py [line:131] DEBUG Loading model from cache C:\Users\City\AppData\Local\Temp\jieba.cache
2019-04-25 23:29:35- __init__.py [line:163] DEBUG Loading model cost 1.012 seconds.
2019-04-25 23:29:35- __init__.py [line:164] DEBUG Prefix dict has been built succesfully.
2019-04-25 23:29:35- translation.py [line:83] INFO Counted words:
2019-04-25 23:29:35- translation.py [line:84] INFO cmn,1493
2019-04-25 23:29:35- translation.py [line:85] INFO eng,1271
2019-04-25 23:29:35- main.py [line:31] INFO ['我现在正在学习。', 'i am studying now.']
2019-04-25 23:29:35- main.py [line:34] INFO input_lang.n_words: 1493
2019-04-25 23:29:35- main.py [line:35] INFO output_lang.n_words: 1271
2019-04-25 23:29:35- main.py [line:41] INFO lang saved.
2019-04-25 23:29:35- main.py [line:59] INFO train start. 
2019-04-25 23:29:54- __init__.py [line:410] DEBUG CACHEDIR=C:\Users\City\.matplotlib
2019-04-25 23:29:54- font_manager.py [line:1465] DEBUG Using fontManager instance from C:\Users\City\.matplotlib\fontList.json
2019-04-25 23:29:54- __init__.py [line:90] DEBUG backend TkAgg version unknown
2019-04-25 23:29:54- main.py [line:21] INFO Use cuda:False
2019-04-25 23:29:54- main.py [line:27] INFO eng -> cmn
2019-04-25 23:29:54- translation.py [line:59] INFO Reading lines...
2019-04-25 23:29:56- translation.py [line:76] INFO Read 19578 sentence pairs
2019-04-25 23:29:56- translation.py [line:78] INFO Trimmed to 915 sentence pairs
2019-04-25 23:29:56- translation.py [line:79] INFO Counting words....
2019-04-25 23:29:56- __init__.py [line:111] DEBUG Building prefix dict from the default dictionary ...
2019-04-25 23:29:56- __init__.py [line:131] DEBUG Loading model from cache C:\Users\City\AppData\Local\Temp\jieba.cache
2019-04-25 23:29:57- __init__.py [line:163] DEBUG Loading model cost 1.092 seconds.
2019-04-25 23:29:57- __init__.py [line:164] DEBUG Prefix dict has been built succesfully.
2019-04-25 23:29:58- translation.py [line:83] INFO Counted words:
2019-04-25 23:29:58- translation.py [line:84] INFO cmn,1493
2019-04-25 23:29:58- translation.py [line:85] INFO eng,1271
2019-04-25 23:29:58- main.py [line:31] INFO ['他不是美国人。', "he isn't an american."]
2019-04-25 23:29:58- main.py [line:34] INFO input_lang.n_words: 1493
2019-04-25 23:29:58- main.py [line:35] INFO output_lang.n_words: 1271
2019-04-25 23:29:58- main.py [line:41] INFO lang saved.
2019-04-25 23:29:58- main.py [line:59] INFO train start. 
